[debug] [2022-02-10T17:04:44.524Z] ----------------------------------------------------------------------
[debug] [2022-02-10T17:04:44.525Z] Command:       C:\Program Files\nodejs\node.exe C:\Users\Iverson\AppData\Roaming\npm\node_modules\firebase-tools\lib\bin\firebase.js emulators:start --only functions
[debug] [2022-02-10T17:04:44.526Z] CLI Version:   9.22.0
[debug] [2022-02-10T17:04:44.526Z] Platform:      win32
[debug] [2022-02-10T17:04:44.526Z] Node Version:  v16.6.1
[debug] [2022-02-10T17:04:44.526Z] Time:          Thu Feb 10 2022 10:04:44 GMT-0700 (Mountain Standard Time)
[debug] [2022-02-10T17:04:44.526Z] ----------------------------------------------------------------------
[debug] 
[debug] [2022-02-10T17:04:44.568Z] > command requires scopes: ["email","openid","https://www.googleapis.com/auth/cloudplatformprojects.readonly","https://www.googleapis.com/auth/firebase","https://www.googleapis.com/auth/cloud-platform"]
[debug] [2022-02-10T17:04:44.568Z] > authorizing via signed-in user (ivcotad@gmail.com)
[info] i  emulators: Starting emulators: functions {"metadata":{"emulator":{"name":"hub"},"message":"Starting emulators: functions"}}
[debug] [2022-02-10T17:04:44.580Z] [hub] writing locator at C:\Users\Iverson\AppData\Local\Temp\hub-time-collection-app.json
[warn] !  functions: The following emulators are not running, calls to these services from the Functions emulator will affect production: auth, firestore, database, hosting, pubsub, storage {"metadata":{"emulator":{"name":"functions"},"message":"The following emulators are not running, calls to these services from the Functions emulator will affect production: \u001b[1mauth, firestore, database, hosting, pubsub, storage\u001b[22m"}}
[warn] !  Your requested "node" version "14" doesn't match your global version "16" {"metadata":{"emulator":{"name":"functions"},"message":"Your requested \"node\" version \"14\" doesn't match your global version \"16\""}}
[debug] [2022-02-10T17:04:44.593Z] defaultcredentials: writing to file C:\Users\Iverson\AppData\Roaming\firebase\ivcotad_gmail_com_application_default_credentials.json
[debug] [2022-02-10T17:04:44.594Z] Setting GAC to C:\Users\Iverson\AppData\Roaming\firebase\ivcotad_gmail_com_application_default_credentials.json {"metadata":{"emulator":{"name":"functions"},"message":"Setting GAC to C:\\Users\\Iverson\\AppData\\Roaming\\firebase\\ivcotad_gmail_com_application_default_credentials.json"}}
[debug] [2022-02-10T17:04:44.596Z] >>> [apiv2][query] GET https://firebase.googleapis.com/v1beta1/projects/time-collection-app/adminSdkConfig [none]
[debug] [2022-02-10T17:04:44.840Z] <<< [apiv2][status] GET https://firebase.googleapis.com/v1beta1/projects/time-collection-app/adminSdkConfig 200
[debug] [2022-02-10T17:04:44.840Z] <<< [apiv2][body] GET https://firebase.googleapis.com/v1beta1/projects/time-collection-app/adminSdkConfig {"projectId":"time-collection-app","storageBucket":"time-collection-app.appspot.com","locationId":"us-central"}
[debug] [2022-02-10T17:04:44.852Z] Ignoring unsupported arg: auto_download {"metadata":{"emulator":{"name":"ui"},"message":"Ignoring unsupported arg: auto_download"}}
[debug] [2022-02-10T17:04:44.853Z] Ignoring unsupported arg: port {"metadata":{"emulator":{"name":"ui"},"message":"Ignoring unsupported arg: port"}}
[debug] [2022-02-10T17:04:44.853Z] Starting Emulator UI with command {"binary":"node","args":["C:\\Users\\Iverson\\.cache\\firebase\\emulators\\ui-v1.6.4\\server.bundle.js"],"optionalArgs":[],"joinArgs":false} {"metadata":{"emulator":{"name":"ui"},"message":"Starting Emulator UI with command {\"binary\":\"node\",\"args\":[\"C:\\\\Users\\\\Iverson\\\\.cache\\\\firebase\\\\emulators\\\\ui-v1.6.4\\\\server.bundle.js\"],\"optionalArgs\":[],\"joinArgs\":false}"}}
[info] i  ui: Emulator UI logging to ui-debug.log {"metadata":{"emulator":{"name":"ui"},"message":"Emulator UI logging to \u001b[1mui-debug.log\u001b[22m"}}
[debug] [2022-02-10T17:04:44.869Z] [work-queue] {"queueLength":1,"workRunningCount":0}
[debug] [2022-02-10T17:04:44.870Z] [work-queue] {"queueLength":0,"workRunningCount":1}
[debug] [2022-02-10T17:04:44.872Z] [work-queue] {"queueLength":0,"workRunningCount":0}
[debug] [2022-02-10T17:04:44.949Z] Web / API server started at localhost:4000
 {"metadata":{"emulator":{"name":"ui"},"message":"Web / API server started at localhost:4000\n"}}
[info] i  functions: Watching "C:\Users\Iverson\Desktop\Folders\010 Current Projects\010 - coding\010 - javascript-typescript\next-time-collection\functions" for Cloud Functions... {"metadata":{"emulator":{"name":"functions"},"message":"Watching \"C:\\Users\\Iverson\\Desktop\\Folders\\010 Current Projects\\010 - coding\\010 - javascript-typescript\\next-time-collection\\functions\" for Cloud Functions..."}}
[debug] [2022-02-10T17:04:45.130Z] [worker-pool] addWorker(~diagnostic~) {"metadata":{"emulator":{"name":"functions"},"message":"[worker-pool] addWorker(~diagnostic~)"}}
[debug] [2022-02-10T17:04:45.130Z] [worker-pool] Adding worker with key ~diagnostic~, total=1 {"metadata":{"emulator":{"name":"functions"},"message":"[worker-pool] Adding worker with key ~diagnostic~, total=1"}}
[debug] [2022-02-10T17:04:45.130Z] [worker-pool] submitWork(triggerId=) {"metadata":{"emulator":{"name":"functions"},"message":"[worker-pool] submitWork(triggerId=)"}}
[debug] [2022-02-10T17:04:45.130Z] [worker-~diagnostic~-fd176045-bfaf-4717-8330-3223a30ffbdd]: Assigning socketPath: \\?\pipe\C:\Users\Iverson\Desktop\Folders\010 Current Projects\010 - coding\010 - javascript-typescript\next-time-collection\functions\50508 {"metadata":{"emulator":{"name":"functions"},"message":"[worker-~diagnostic~-fd176045-bfaf-4717-8330-3223a30ffbdd]: Assigning socketPath: \\\\?\\pipe\\C:\\Users\\Iverson\\Desktop\\Folders\\010 Current Projects\\010 - coding\\010 - javascript-typescript\\next-time-collection\\functions\\50508"}}
[debug] [2022-02-10T17:04:45.131Z] [worker-~diagnostic~-fd176045-bfaf-4717-8330-3223a30ffbdd]: BUSY {"metadata":{"emulator":{"name":"functions"},"message":"[worker-~diagnostic~-fd176045-bfaf-4717-8330-3223a30ffbdd]: BUSY"}}
[debug] [2022-02-10T17:04:45.278Z] [runtime-status] [50508] Functions runtime initialized. {"cwd":"C:\\Users\\Iverson\\Desktop\\Folders\\010 Current Projects\\010 - coding\\010 - javascript-typescript\\next-time-collection\\functions","node_version":"16.6.1"} {"metadata":{"emulator":{"name":"functions"},"message":"[runtime-status] [50508] Functions runtime initialized. {\"cwd\":\"C:\\\\Users\\\\Iverson\\\\Desktop\\\\Folders\\\\010 Current Projects\\\\010 - coding\\\\010 - javascript-typescript\\\\next-time-collection\\\\functions\",\"node_version\":\"16.6.1\"}"}}
[debug] [2022-02-10T17:04:45.278Z] [runtime-status] [50508] Disabled runtime features: undefined {"metadata":{"emulator":{"name":"functions"},"message":"[runtime-status] [50508] Disabled runtime features: undefined"}}
[debug] [2022-02-10T17:04:45.280Z] [runtime-status] [50508] Resolved module firebase-admin {"declared":true,"installed":true,"version":"9.12.0","resolution":"C:\\Users\\Iverson\\Desktop\\Folders\\010 Current Projects\\010 - coding\\010 - javascript-typescript\\next-time-collection\\functions\\node_modules\\firebase-admin\\lib\\index.js"} {"metadata":{"emulator":{"name":"functions"},"message":"[runtime-status] [50508] Resolved module firebase-admin {\"declared\":true,\"installed\":true,\"version\":\"9.12.0\",\"resolution\":\"C:\\\\Users\\\\Iverson\\\\Desktop\\\\Folders\\\\010 Current Projects\\\\010 - coding\\\\010 - javascript-typescript\\\\next-time-collection\\\\functions\\\\node_modules\\\\firebase-admin\\\\lib\\\\index.js\"}"}}
[debug] [2022-02-10T17:04:45.283Z] [runtime-status] [50508] Resolved module firebase-functions {"declared":true,"installed":true,"version":"3.17.2","resolution":"C:\\Users\\Iverson\\Desktop\\Folders\\010 Current Projects\\010 - coding\\010 - javascript-typescript\\next-time-collection\\functions\\node_modules\\firebase-functions\\lib\\index.js"} {"metadata":{"emulator":{"name":"functions"},"message":"[runtime-status] [50508] Resolved module firebase-functions {\"declared\":true,\"installed\":true,\"version\":\"3.17.2\",\"resolution\":\"C:\\\\Users\\\\Iverson\\\\Desktop\\\\Folders\\\\010 Current Projects\\\\010 - coding\\\\010 - javascript-typescript\\\\next-time-collection\\\\functions\\\\node_modules\\\\firebase-functions\\\\lib\\\\index.js\"}"}}
[debug] [2022-02-10T17:04:45.285Z] [runtime-status] [50508] Outgoing network have been stubbed. [{"name":"http","status":"mocked"},{"name":"http","status":"mocked"},{"name":"https","status":"mocked"},{"name":"https","status":"mocked"},{"name":"net","status":"mocked"}] {"metadata":{"emulator":{"name":"functions"},"message":"[runtime-status] [50508] Outgoing network have been stubbed. [{\"name\":\"http\",\"status\":\"mocked\"},{\"name\":\"http\",\"status\":\"mocked\"},{\"name\":\"https\",\"status\":\"mocked\"},{\"name\":\"https\",\"status\":\"mocked\"},{\"name\":\"net\",\"status\":\"mocked\"}]"}}
[debug] [2022-02-10T17:04:45.286Z] [runtime-status] [50508] Resolved module firebase-functions {"declared":true,"installed":true,"version":"3.17.2","resolution":"C:\\Users\\Iverson\\Desktop\\Folders\\010 Current Projects\\010 - coding\\010 - javascript-typescript\\next-time-collection\\functions\\node_modules\\firebase-functions\\lib\\index.js"} {"metadata":{"emulator":{"name":"functions"},"message":"[runtime-status] [50508] Resolved module firebase-functions {\"declared\":true,\"installed\":true,\"version\":\"3.17.2\",\"resolution\":\"C:\\\\Users\\\\Iverson\\\\Desktop\\\\Folders\\\\010 Current Projects\\\\010 - coding\\\\010 - javascript-typescript\\\\next-time-collection\\\\functions\\\\node_modules\\\\firebase-functions\\\\lib\\\\index.js\"}"}}
[debug] [2022-02-10T17:04:45.324Z] [runtime-status] [50508] Checked functions.config() {"config":{}} {"metadata":{"emulator":{"name":"functions"},"message":"[runtime-status] [50508] Checked functions.config() {\"config\":{}}"}}
[debug] [2022-02-10T17:04:45.324Z] [runtime-status] [50508] firebase-functions has been stubbed. {"functionsResolution":{"declared":true,"installed":true,"version":"3.17.2","resolution":"C:\\Users\\Iverson\\Desktop\\Folders\\010 Current Projects\\010 - coding\\010 - javascript-typescript\\next-time-collection\\functions\\node_modules\\firebase-functions\\lib\\index.js"}} {"metadata":{"emulator":{"name":"functions"},"message":"[runtime-status] [50508] firebase-functions has been stubbed. {\"functionsResolution\":{\"declared\":true,\"installed\":true,\"version\":\"3.17.2\",\"resolution\":\"C:\\\\Users\\\\Iverson\\\\Desktop\\\\Folders\\\\010 Current Projects\\\\010 - coding\\\\010 - javascript-typescript\\\\next-time-collection\\\\functions\\\\node_modules\\\\firebase-functions\\\\lib\\\\index.js\"}}"}}
[debug] [2022-02-10T17:04:45.325Z] [runtime-status] [50508] Resolved module firebase-functions {"declared":true,"installed":true,"version":"3.17.2","resolution":"C:\\Users\\Iverson\\Desktop\\Folders\\010 Current Projects\\010 - coding\\010 - javascript-typescript\\next-time-collection\\functions\\node_modules\\firebase-functions\\lib\\index.js"} {"metadata":{"emulator":{"name":"functions"},"message":"[runtime-status] [50508] Resolved module firebase-functions {\"declared\":true,\"installed\":true,\"version\":\"3.17.2\",\"resolution\":\"C:\\\\Users\\\\Iverson\\\\Desktop\\\\Folders\\\\010 Current Projects\\\\010 - coding\\\\010 - javascript-typescript\\\\next-time-collection\\\\functions\\\\node_modules\\\\firebase-functions\\\\lib\\\\index.js\"}"}}
[debug] [2022-02-10T17:04:45.326Z] [runtime-status] [50508] Resolved module firebase-admin {"declared":true,"installed":true,"version":"9.12.0","resolution":"C:\\Users\\Iverson\\Desktop\\Folders\\010 Current Projects\\010 - coding\\010 - javascript-typescript\\next-time-collection\\functions\\node_modules\\firebase-admin\\lib\\index.js"} {"metadata":{"emulator":{"name":"functions"},"message":"[runtime-status] [50508] Resolved module firebase-admin {\"declared\":true,\"installed\":true,\"version\":\"9.12.0\",\"resolution\":\"C:\\\\Users\\\\Iverson\\\\Desktop\\\\Folders\\\\010 Current Projects\\\\010 - coding\\\\010 - javascript-typescript\\\\next-time-collection\\\\functions\\\\node_modules\\\\firebase-admin\\\\lib\\\\index.js\"}"}}
[debug] [2022-02-10T17:04:45.326Z] [runtime-status] [50508] Resolved module firebase-functions {"declared":true,"installed":true,"version":"3.17.2","resolution":"C:\\Users\\Iverson\\Desktop\\Folders\\010 Current Projects\\010 - coding\\010 - javascript-typescript\\next-time-collection\\functions\\node_modules\\firebase-functions\\lib\\index.js"} {"metadata":{"emulator":{"name":"functions"},"message":"[runtime-status] [50508] Resolved module firebase-functions {\"declared\":true,\"installed\":true,\"version\":\"3.17.2\",\"resolution\":\"C:\\\\Users\\\\Iverson\\\\Desktop\\\\Folders\\\\010 Current Projects\\\\010 - coding\\\\010 - javascript-typescript\\\\next-time-collection\\\\functions\\\\node_modules\\\\firebase-functions\\\\lib\\\\index.js\"}"}}
[debug] [2022-02-10T17:04:45.327Z] [runtime-status] [50508] firebase-admin has been stubbed. {"adminResolution":{"declared":true,"installed":true,"version":"9.12.0","resolution":"C:\\Users\\Iverson\\Desktop\\Folders\\010 Current Projects\\010 - coding\\010 - javascript-typescript\\next-time-collection\\functions\\node_modules\\firebase-admin\\lib\\index.js"}} {"metadata":{"emulator":{"name":"functions"},"message":"[runtime-status] [50508] firebase-admin has been stubbed. {\"adminResolution\":{\"declared\":true,\"installed\":true,\"version\":\"9.12.0\",\"resolution\":\"C:\\\\Users\\\\Iverson\\\\Desktop\\\\Folders\\\\010 Current Projects\\\\010 - coding\\\\010 - javascript-typescript\\\\next-time-collection\\\\functions\\\\node_modules\\\\firebase-admin\\\\lib\\\\index.js\"}}"}}
[info] +  functions[us-central1-helloWorld]: http function initialized (http://localhost:5001/time-collection-app/us-central1/helloWorld). {"metadata":{"emulator":{"name":"functions"},"message":"\u001b[1mhttp\u001b[22m function initialized (http://localhost:5001/time-collection-app/us-central1/helloWorld)."}}
[info] 
┌─────────────────────────────────────────────────────────────┐
│ ✔  All emulators ready! It is now safe to connect your app. │
│ i  View Emulator UI at http://localhost:4000                │
└─────────────────────────────────────────────────────────────┘

┌───────────┬────────────────┬─────────────────────────────────┐
│ Emulator  │ Host:Port      │ View in Emulator UI             │
├───────────┼────────────────┼─────────────────────────────────┤
│ Functions │ localhost:5001 │ http://localhost:4000/functions │
└───────────┴────────────────┴─────────────────────────────────┘
  Emulator Hub running at localhost:4400
  Other reserved ports: 4500

Issues? Report them at https://github.com/firebase/firebase-tools/issues and attach the *-debug.log files.
 
[debug] [2022-02-10T17:04:45.334Z] [worker-~diagnostic~-fd176045-bfaf-4717-8330-3223a30ffbdd]: IDLE {"metadata":{"emulator":{"name":"functions"},"message":"[worker-~diagnostic~-fd176045-bfaf-4717-8330-3223a30ffbdd]: IDLE"}}
[debug] [2022-02-10T17:05:02.613Z] [work-queue] {"queueLength":1,"workRunningCount":0}
[debug] [2022-02-10T17:05:02.614Z] [work-queue] {"queueLength":0,"workRunningCount":1}
[debug] [2022-02-10T17:05:02.614Z] Accepted request GET /time-collection-app/us-central1/helloWorld --> us-central1-helloWorld
[debug] [2022-02-10T17:05:02.620Z] [worker-pool] addWorker(us-central1-helloWorld) {"metadata":{"emulator":{"name":"functions"},"message":"[worker-pool] addWorker(us-central1-helloWorld)"}}
[debug] [2022-02-10T17:05:02.620Z] [worker-pool] Adding worker with key us-central1-helloWorld, total=1 {"metadata":{"emulator":{"name":"functions"},"message":"[worker-pool] Adding worker with key us-central1-helloWorld, total=1"}}
[debug] [2022-02-10T17:05:02.621Z] [worker-pool] submitWork(triggerId=us-central1-helloWorld) {"metadata":{"emulator":{"name":"functions"},"message":"[worker-pool] submitWork(triggerId=us-central1-helloWorld)"}}
[debug] [2022-02-10T17:05:02.621Z] [worker-us-central1-helloWorld-82f584a2-5a8d-42a1-84e2-dfa795dc7618]: Assigning socketPath: \\?\pipe\C:\Users\Iverson\Desktop\Folders\010 Current Projects\010 - coding\010 - javascript-typescript\next-time-collection\functions\51380 {"metadata":{"emulator":{"name":"functions"},"message":"[worker-us-central1-helloWorld-82f584a2-5a8d-42a1-84e2-dfa795dc7618]: Assigning socketPath: \\\\?\\pipe\\C:\\Users\\Iverson\\Desktop\\Folders\\010 Current Projects\\010 - coding\\010 - javascript-typescript\\next-time-collection\\functions\\51380"}}
[debug] [2022-02-10T17:05:02.621Z] [worker-us-central1-helloWorld-82f584a2-5a8d-42a1-84e2-dfa795dc7618]: BUSY {"metadata":{"emulator":{"name":"functions"},"message":"[worker-us-central1-helloWorld-82f584a2-5a8d-42a1-84e2-dfa795dc7618]: BUSY"}}
[debug] [2022-02-10T17:05:02.764Z] [runtime-status] [51380] Functions runtime initialized. {"cwd":"C:\\Users\\Iverson\\Desktop\\Folders\\010 Current Projects\\010 - coding\\010 - javascript-typescript\\next-time-collection\\functions","node_version":"16.6.1"} {"metadata":{"emulator":{"name":"functions"},"function":{"name":"us-central1-helloWorld"},"message":"[runtime-status] [51380] Functions runtime initialized. {\"cwd\":\"C:\\\\Users\\\\Iverson\\\\Desktop\\\\Folders\\\\010 Current Projects\\\\010 - coding\\\\010 - javascript-typescript\\\\next-time-collection\\\\functions\",\"node_version\":\"16.6.1\"}"}}
[debug] [2022-02-10T17:05:02.765Z] [runtime-status] [51380] Disabled runtime features: undefined {"metadata":{"emulator":{"name":"functions"},"function":{"name":"us-central1-helloWorld"},"message":"[runtime-status] [51380] Disabled runtime features: undefined"}}
[debug] [2022-02-10T17:05:02.767Z] [runtime-status] [51380] Resolved module firebase-admin {"declared":true,"installed":true,"version":"9.12.0","resolution":"C:\\Users\\Iverson\\Desktop\\Folders\\010 Current Projects\\010 - coding\\010 - javascript-typescript\\next-time-collection\\functions\\node_modules\\firebase-admin\\lib\\index.js"} {"metadata":{"emulator":{"name":"functions"},"function":{"name":"us-central1-helloWorld"},"message":"[runtime-status] [51380] Resolved module firebase-admin {\"declared\":true,\"installed\":true,\"version\":\"9.12.0\",\"resolution\":\"C:\\\\Users\\\\Iverson\\\\Desktop\\\\Folders\\\\010 Current Projects\\\\010 - coding\\\\010 - javascript-typescript\\\\next-time-collection\\\\functions\\\\node_modules\\\\firebase-admin\\\\lib\\\\index.js\"}"}}
[debug] [2022-02-10T17:05:02.770Z] [runtime-status] [51380] Resolved module firebase-functions {"declared":true,"installed":true,"version":"3.17.2","resolution":"C:\\Users\\Iverson\\Desktop\\Folders\\010 Current Projects\\010 - coding\\010 - javascript-typescript\\next-time-collection\\functions\\node_modules\\firebase-functions\\lib\\index.js"} {"metadata":{"emulator":{"name":"functions"},"function":{"name":"us-central1-helloWorld"},"message":"[runtime-status] [51380] Resolved module firebase-functions {\"declared\":true,\"installed\":true,\"version\":\"3.17.2\",\"resolution\":\"C:\\\\Users\\\\Iverson\\\\Desktop\\\\Folders\\\\010 Current Projects\\\\010 - coding\\\\010 - javascript-typescript\\\\next-time-collection\\\\functions\\\\node_modules\\\\firebase-functions\\\\lib\\\\index.js\"}"}}
[debug] [2022-02-10T17:05:02.771Z] [runtime-status] [51380] Outgoing network have been stubbed. [{"name":"http","status":"mocked"},{"name":"http","status":"mocked"},{"name":"https","status":"mocked"},{"name":"https","status":"mocked"},{"name":"net","status":"mocked"}] {"metadata":{"emulator":{"name":"functions"},"function":{"name":"us-central1-helloWorld"},"message":"[runtime-status] [51380] Outgoing network have been stubbed. [{\"name\":\"http\",\"status\":\"mocked\"},{\"name\":\"http\",\"status\":\"mocked\"},{\"name\":\"https\",\"status\":\"mocked\"},{\"name\":\"https\",\"status\":\"mocked\"},{\"name\":\"net\",\"status\":\"mocked\"}]"}}
[debug] [2022-02-10T17:05:02.773Z] [runtime-status] [51380] Resolved module firebase-functions {"declared":true,"installed":true,"version":"3.17.2","resolution":"C:\\Users\\Iverson\\Desktop\\Folders\\010 Current Projects\\010 - coding\\010 - javascript-typescript\\next-time-collection\\functions\\node_modules\\firebase-functions\\lib\\index.js"} {"metadata":{"emulator":{"name":"functions"},"function":{"name":"us-central1-helloWorld"},"message":"[runtime-status] [51380] Resolved module firebase-functions {\"declared\":true,\"installed\":true,\"version\":\"3.17.2\",\"resolution\":\"C:\\\\Users\\\\Iverson\\\\Desktop\\\\Folders\\\\010 Current Projects\\\\010 - coding\\\\010 - javascript-typescript\\\\next-time-collection\\\\functions\\\\node_modules\\\\firebase-functions\\\\lib\\\\index.js\"}"}}
[debug] [2022-02-10T17:05:02.812Z] [runtime-status] [51380] Checked functions.config() {"config":{}} {"metadata":{"emulator":{"name":"functions"},"function":{"name":"us-central1-helloWorld"},"message":"[runtime-status] [51380] Checked functions.config() {\"config\":{}}"}}
[debug] [2022-02-10T17:05:02.812Z] [runtime-status] [51380] firebase-functions has been stubbed. {"functionsResolution":{"declared":true,"installed":true,"version":"3.17.2","resolution":"C:\\Users\\Iverson\\Desktop\\Folders\\010 Current Projects\\010 - coding\\010 - javascript-typescript\\next-time-collection\\functions\\node_modules\\firebase-functions\\lib\\index.js"}} {"metadata":{"emulator":{"name":"functions"},"function":{"name":"us-central1-helloWorld"},"message":"[runtime-status] [51380] firebase-functions has been stubbed. {\"functionsResolution\":{\"declared\":true,\"installed\":true,\"version\":\"3.17.2\",\"resolution\":\"C:\\\\Users\\\\Iverson\\\\Desktop\\\\Folders\\\\010 Current Projects\\\\010 - coding\\\\010 - javascript-typescript\\\\next-time-collection\\\\functions\\\\node_modules\\\\firebase-functions\\\\lib\\\\index.js\"}}"}}
[debug] [2022-02-10T17:05:02.812Z] [runtime-status] [51380] Resolved module firebase-functions {"declared":true,"installed":true,"version":"3.17.2","resolution":"C:\\Users\\Iverson\\Desktop\\Folders\\010 Current Projects\\010 - coding\\010 - javascript-typescript\\next-time-collection\\functions\\node_modules\\firebase-functions\\lib\\index.js"} {"metadata":{"emulator":{"name":"functions"},"function":{"name":"us-central1-helloWorld"},"message":"[runtime-status] [51380] Resolved module firebase-functions {\"declared\":true,\"installed\":true,\"version\":\"3.17.2\",\"resolution\":\"C:\\\\Users\\\\Iverson\\\\Desktop\\\\Folders\\\\010 Current Projects\\\\010 - coding\\\\010 - javascript-typescript\\\\next-time-collection\\\\functions\\\\node_modules\\\\firebase-functions\\\\lib\\\\index.js\"}"}}
[debug] [2022-02-10T17:05:02.813Z] [runtime-status] [51380] Resolved module firebase-admin {"declared":true,"installed":true,"version":"9.12.0","resolution":"C:\\Users\\Iverson\\Desktop\\Folders\\010 Current Projects\\010 - coding\\010 - javascript-typescript\\next-time-collection\\functions\\node_modules\\firebase-admin\\lib\\index.js"} {"metadata":{"emulator":{"name":"functions"},"function":{"name":"us-central1-helloWorld"},"message":"[runtime-status] [51380] Resolved module firebase-admin {\"declared\":true,\"installed\":true,\"version\":\"9.12.0\",\"resolution\":\"C:\\\\Users\\\\Iverson\\\\Desktop\\\\Folders\\\\010 Current Projects\\\\010 - coding\\\\010 - javascript-typescript\\\\next-time-collection\\\\functions\\\\node_modules\\\\firebase-admin\\\\lib\\\\index.js\"}"}}
[debug] [2022-02-10T17:05:02.814Z] [runtime-status] [51380] Resolved module firebase-functions {"declared":true,"installed":true,"version":"3.17.2","resolution":"C:\\Users\\Iverson\\Desktop\\Folders\\010 Current Projects\\010 - coding\\010 - javascript-typescript\\next-time-collection\\functions\\node_modules\\firebase-functions\\lib\\index.js"} {"metadata":{"emulator":{"name":"functions"},"function":{"name":"us-central1-helloWorld"},"message":"[runtime-status] [51380] Resolved module firebase-functions {\"declared\":true,\"installed\":true,\"version\":\"3.17.2\",\"resolution\":\"C:\\\\Users\\\\Iverson\\\\Desktop\\\\Folders\\\\010 Current Projects\\\\010 - coding\\\\010 - javascript-typescript\\\\next-time-collection\\\\functions\\\\node_modules\\\\firebase-functions\\\\lib\\\\index.js\"}"}}
[debug] [2022-02-10T17:05:02.814Z] [runtime-status] [51380] firebase-admin has been stubbed. {"adminResolution":{"declared":true,"installed":true,"version":"9.12.0","resolution":"C:\\Users\\Iverson\\Desktop\\Folders\\010 Current Projects\\010 - coding\\010 - javascript-typescript\\next-time-collection\\functions\\node_modules\\firebase-admin\\lib\\index.js"}} {"metadata":{"emulator":{"name":"functions"},"function":{"name":"us-central1-helloWorld"},"message":"[runtime-status] [51380] firebase-admin has been stubbed. {\"adminResolution\":{\"declared\":true,\"installed\":true,\"version\":\"9.12.0\",\"resolution\":\"C:\\\\Users\\\\Iverson\\\\Desktop\\\\Folders\\\\010 Current Projects\\\\010 - coding\\\\010 - javascript-typescript\\\\next-time-collection\\\\functions\\\\node_modules\\\\firebase-admin\\\\lib\\\\index.js\"}}"}}
[debug] [2022-02-10T17:05:02.817Z] [runtime-status] [51380] Trigger "us-central1-helloWorld" has been found, beginning invocation! {"metadata":{"emulator":{"name":"functions"},"function":{"name":"us-central1-helloWorld"},"message":"[runtime-status] [51380] Trigger \"us-central1-helloWorld\" has been found, beginning invocation!"}}
[info] i  functions: Beginning execution of "us-central1-helloWorld" {"metadata":{"emulator":{"name":"functions"},"function":{"name":"us-central1-helloWorld"},"message":"Beginning execution of \"us-central1-helloWorld\""}}
[debug] [2022-02-10T17:05:02.818Z] [runtime-status] [51380] triggerDefinition {"httpsTrigger":{},"name":"helloWorld","entryPoint":"helloWorld","regions":["us-central1"],"region":"us-central1","id":"us-central1-helloWorld"} {"metadata":{"emulator":{"name":"functions"},"function":{"name":"us-central1-helloWorld"},"message":"[runtime-status] [51380] triggerDefinition {\"httpsTrigger\":{},\"name\":\"helloWorld\",\"entryPoint\":\"helloWorld\",\"regions\":[\"us-central1\"],\"region\":\"us-central1\",\"id\":\"us-central1-helloWorld\"}"}}
[debug] [2022-02-10T17:05:02.818Z] [runtime-status] [51380] Running us-central1-helloWorld in signature http {"metadata":{"emulator":{"name":"functions"},"function":{"name":"us-central1-helloWorld"},"message":"[runtime-status] [51380] Running us-central1-helloWorld in signature http"}}
[debug] [2022-02-10T17:05:02.821Z] [runtime-status] [51380] Attempting to listen to socketPath: \\?\pipe\C:\Users\Iverson\Desktop\Folders\010 Current Projects\010 - coding\010 - javascript-typescript\next-time-collection\functions\51380 {"metadata":{"emulator":{"name":"functions"},"function":{"name":"us-central1-helloWorld"},"message":"[runtime-status] [51380] Attempting to listen to socketPath: \\\\?\\pipe\\C:\\Users\\Iverson\\Desktop\\Folders\\010 Current Projects\\010 - coding\\010 - javascript-typescript\\next-time-collection\\functions\\51380"}}
[debug] [2022-02-10T17:05:02.823Z] [functions] Runtime ready! Sending request! {"metadata":{"emulator":{"name":"functions"},"message":"[functions] Runtime ready! Sending request!"}}
[debug] [2022-02-10T17:05:02.824Z] [functions] Got req.url=/time-collection-app/us-central1/helloWorld, mapping to path=/ {"metadata":{"emulator":{"name":"functions"},"message":"[functions] Got req.url=/time-collection-app/us-central1/helloWorld, mapping to path=/"}}
[debug] [2022-02-10T17:05:02.830Z] [runtime-status] [51380] Ephemeral server handling GET request {"metadata":{"emulator":{"name":"functions"},"function":{"name":"us-central1-helloWorld"},"message":"[runtime-status] [51380] Ephemeral server handling GET request"}}
[debug] [2022-02-10T17:05:02.832Z] [runtime-status] [51380] Ephemeral server survived. {"metadata":{"emulator":{"name":"functions"},"function":{"name":"us-central1-helloWorld"},"message":"[runtime-status] [51380] Ephemeral server survived."}}
[info] i  functions: Finished "us-central1-helloWorld" in ~1s {"metadata":{"emulator":{"name":"functions"},"function":{"name":"us-central1-helloWorld"},"message":"Finished \"us-central1-helloWorld\" in ~1s"}}
[debug] [2022-02-10T17:05:02.837Z] [worker-us-central1-helloWorld-82f584a2-5a8d-42a1-84e2-dfa795dc7618]: IDLE {"metadata":{"emulator":{"name":"functions"},"message":"[worker-us-central1-helloWorld-82f584a2-5a8d-42a1-84e2-dfa795dc7618]: IDLE"}}
[debug] [2022-02-10T17:05:02.837Z] [work-queue] {"queueLength":0,"workRunningCount":0}
[debug] [2022-02-10T17:05:24.373Z] [work-queue] {"queueLength":1,"workRunningCount":0}
[debug] [2022-02-10T17:05:24.373Z] [work-queue] {"queueLength":0,"workRunningCount":1}
[debug] [2022-02-10T17:05:24.373Z] Accepted request GET /time-collection-app/us-central1/helloWorld --> us-central1-helloWorld
[debug] [2022-02-10T17:05:24.374Z] [worker-pool] submitWork(triggerId=us-central1-helloWorld) {"metadata":{"emulator":{"name":"functions"},"message":"[worker-pool] submitWork(triggerId=us-central1-helloWorld)"}}
[debug] [2022-02-10T17:05:24.374Z] [worker-us-central1-helloWorld-82f584a2-5a8d-42a1-84e2-dfa795dc7618]: Assigning socketPath: \\?\pipe\C:\Users\Iverson\Desktop\Folders\010 Current Projects\010 - coding\010 - javascript-typescript\next-time-collection\functions\51380 {"metadata":{"emulator":{"name":"functions"},"message":"[worker-us-central1-helloWorld-82f584a2-5a8d-42a1-84e2-dfa795dc7618]: Assigning socketPath: \\\\?\\pipe\\C:\\Users\\Iverson\\Desktop\\Folders\\010 Current Projects\\010 - coding\\010 - javascript-typescript\\next-time-collection\\functions\\51380"}}
[debug] [2022-02-10T17:05:24.374Z] [worker-us-central1-helloWorld-82f584a2-5a8d-42a1-84e2-dfa795dc7618]: BUSY {"metadata":{"emulator":{"name":"functions"},"message":"[worker-us-central1-helloWorld-82f584a2-5a8d-42a1-84e2-dfa795dc7618]: BUSY"}}
[debug] [2022-02-10T17:05:24.374Z] [runtime-status] [51380] Trigger "us-central1-helloWorld" has been found, beginning invocation! {"metadata":{"emulator":{"name":"functions"},"function":{"name":"us-central1-helloWorld"},"message":"[runtime-status] [51380] Trigger \"us-central1-helloWorld\" has been found, beginning invocation!"}}
[info] i  functions: Beginning execution of "us-central1-helloWorld" {"metadata":{"emulator":{"name":"functions"},"function":{"name":"us-central1-helloWorld"},"message":"Beginning execution of \"us-central1-helloWorld\""}}
[debug] [2022-02-10T17:05:24.375Z] [runtime-status] [51380] triggerDefinition {"httpsTrigger":{},"name":"helloWorld","entryPoint":"helloWorld","regions":["us-central1"],"region":"us-central1","id":"us-central1-helloWorld"} {"metadata":{"emulator":{"name":"functions"},"function":{"name":"us-central1-helloWorld"},"message":"[runtime-status] [51380] triggerDefinition {\"httpsTrigger\":{},\"name\":\"helloWorld\",\"entryPoint\":\"helloWorld\",\"regions\":[\"us-central1\"],\"region\":\"us-central1\",\"id\":\"us-central1-helloWorld\"}"}}
[debug] [2022-02-10T17:05:24.375Z] [runtime-status] [51380] Running us-central1-helloWorld in signature http {"metadata":{"emulator":{"name":"functions"},"function":{"name":"us-central1-helloWorld"},"message":"[runtime-status] [51380] Running us-central1-helloWorld in signature http"}}
[debug] [2022-02-10T17:05:24.375Z] [runtime-status] [51380] Attempting to listen to socketPath: \\?\pipe\C:\Users\Iverson\Desktop\Folders\010 Current Projects\010 - coding\010 - javascript-typescript\next-time-collection\functions\51380 {"metadata":{"emulator":{"name":"functions"},"function":{"name":"us-central1-helloWorld"},"message":"[runtime-status] [51380] Attempting to listen to socketPath: \\\\?\\pipe\\C:\\Users\\Iverson\\Desktop\\Folders\\010 Current Projects\\010 - coding\\010 - javascript-typescript\\next-time-collection\\functions\\51380"}}
[debug] [2022-02-10T17:05:24.376Z] [functions] Runtime ready! Sending request! {"metadata":{"emulator":{"name":"functions"},"message":"[functions] Runtime ready! Sending request!"}}
[debug] [2022-02-10T17:05:24.376Z] [functions] Got req.url=/time-collection-app/us-central1/helloWorld, mapping to path=/ {"metadata":{"emulator":{"name":"functions"},"message":"[functions] Got req.url=/time-collection-app/us-central1/helloWorld, mapping to path=/"}}
[debug] [2022-02-10T17:05:24.377Z] [runtime-status] [51380] Ephemeral server handling GET request {"metadata":{"emulator":{"name":"functions"},"function":{"name":"us-central1-helloWorld"},"message":"[runtime-status] [51380] Ephemeral server handling GET request"}}
[debug] [2022-02-10T17:05:24.378Z] [runtime-status] [51380] Ephemeral server survived. {"metadata":{"emulator":{"name":"functions"},"function":{"name":"us-central1-helloWorld"},"message":"[runtime-status] [51380] Ephemeral server survived."}}
[info] i  functions: Finished "us-central1-helloWorld" in ~1s {"metadata":{"emulator":{"name":"functions"},"function":{"name":"us-central1-helloWorld"},"message":"Finished \"us-central1-helloWorld\" in ~1s"}}
[debug] [2022-02-10T17:05:24.379Z] [worker-us-central1-helloWorld-82f584a2-5a8d-42a1-84e2-dfa795dc7618]: IDLE {"metadata":{"emulator":{"name":"functions"},"message":"[worker-us-central1-helloWorld-82f584a2-5a8d-42a1-84e2-dfa795dc7618]: IDLE"}}
[debug] [2022-02-10T17:05:24.379Z] [work-queue] {"queueLength":0,"workRunningCount":0}
[debug] [2022-02-10T17:05:32.496Z] [work-queue] {"queueLength":1,"workRunningCount":0}
[debug] [2022-02-10T17:05:32.497Z] [work-queue] {"queueLength":0,"workRunningCount":1}
[debug] [2022-02-10T17:05:32.497Z] Accepted request GET /time-collection-app/us-central1/helloWorld?page=hel --> us-central1-helloWorld
[debug] [2022-02-10T17:05:32.497Z] [worker-pool] submitWork(triggerId=us-central1-helloWorld) {"metadata":{"emulator":{"name":"functions"},"message":"[worker-pool] submitWork(triggerId=us-central1-helloWorld)"}}
[debug] [2022-02-10T17:05:32.497Z] [worker-us-central1-helloWorld-82f584a2-5a8d-42a1-84e2-dfa795dc7618]: Assigning socketPath: \\?\pipe\C:\Users\Iverson\Desktop\Folders\010 Current Projects\010 - coding\010 - javascript-typescript\next-time-collection\functions\51380 {"metadata":{"emulator":{"name":"functions"},"message":"[worker-us-central1-helloWorld-82f584a2-5a8d-42a1-84e2-dfa795dc7618]: Assigning socketPath: \\\\?\\pipe\\C:\\Users\\Iverson\\Desktop\\Folders\\010 Current Projects\\010 - coding\\010 - javascript-typescript\\next-time-collection\\functions\\51380"}}
[debug] [2022-02-10T17:05:32.497Z] [worker-us-central1-helloWorld-82f584a2-5a8d-42a1-84e2-dfa795dc7618]: BUSY {"metadata":{"emulator":{"name":"functions"},"message":"[worker-us-central1-helloWorld-82f584a2-5a8d-42a1-84e2-dfa795dc7618]: BUSY"}}
[debug] [2022-02-10T17:05:32.498Z] [runtime-status] [51380] Trigger "us-central1-helloWorld" has been found, beginning invocation! {"metadata":{"emulator":{"name":"functions"},"function":{"name":"us-central1-helloWorld"},"message":"[runtime-status] [51380] Trigger \"us-central1-helloWorld\" has been found, beginning invocation!"}}
[info] i  functions: Beginning execution of "us-central1-helloWorld" {"metadata":{"emulator":{"name":"functions"},"function":{"name":"us-central1-helloWorld"},"message":"Beginning execution of \"us-central1-helloWorld\""}}
[debug] [2022-02-10T17:05:32.499Z] [runtime-status] [51380] triggerDefinition {"httpsTrigger":{},"name":"helloWorld","entryPoint":"helloWorld","regions":["us-central1"],"region":"us-central1","id":"us-central1-helloWorld"} {"metadata":{"emulator":{"name":"functions"},"function":{"name":"us-central1-helloWorld"},"message":"[runtime-status] [51380] triggerDefinition {\"httpsTrigger\":{},\"name\":\"helloWorld\",\"entryPoint\":\"helloWorld\",\"regions\":[\"us-central1\"],\"region\":\"us-central1\",\"id\":\"us-central1-helloWorld\"}"}}
[debug] [2022-02-10T17:05:32.499Z] [runtime-status] [51380] Running us-central1-helloWorld in signature http {"metadata":{"emulator":{"name":"functions"},"function":{"name":"us-central1-helloWorld"},"message":"[runtime-status] [51380] Running us-central1-helloWorld in signature http"}}
[debug] [2022-02-10T17:05:32.499Z] [runtime-status] [51380] Attempting to listen to socketPath: \\?\pipe\C:\Users\Iverson\Desktop\Folders\010 Current Projects\010 - coding\010 - javascript-typescript\next-time-collection\functions\51380 {"metadata":{"emulator":{"name":"functions"},"function":{"name":"us-central1-helloWorld"},"message":"[runtime-status] [51380] Attempting to listen to socketPath: \\\\?\\pipe\\C:\\Users\\Iverson\\Desktop\\Folders\\010 Current Projects\\010 - coding\\010 - javascript-typescript\\next-time-collection\\functions\\51380"}}
[debug] [2022-02-10T17:05:32.500Z] [functions] Runtime ready! Sending request! {"metadata":{"emulator":{"name":"functions"},"message":"[functions] Runtime ready! Sending request!"}}
[debug] [2022-02-10T17:05:32.500Z] [functions] Got req.url=/time-collection-app/us-central1/helloWorld?page=hel, mapping to path=/?page=hel {"metadata":{"emulator":{"name":"functions"},"message":"[functions] Got req.url=/time-collection-app/us-central1/helloWorld?page=hel, mapping to path=/?page=hel"}}
[debug] [2022-02-10T17:05:32.502Z] [runtime-status] [51380] Ephemeral server handling GET request {"metadata":{"emulator":{"name":"functions"},"function":{"name":"us-central1-helloWorld"},"message":"[runtime-status] [51380] Ephemeral server handling GET request"}}
[debug] [2022-02-10T17:05:32.503Z] [runtime-status] [51380] Ephemeral server survived. {"metadata":{"emulator":{"name":"functions"},"function":{"name":"us-central1-helloWorld"},"message":"[runtime-status] [51380] Ephemeral server survived."}}
[info] i  functions: Finished "us-central1-helloWorld" in ~1s {"metadata":{"emulator":{"name":"functions"},"function":{"name":"us-central1-helloWorld"},"message":"Finished \"us-central1-helloWorld\" in ~1s"}}
[debug] [2022-02-10T17:05:32.504Z] [worker-us-central1-helloWorld-82f584a2-5a8d-42a1-84e2-dfa795dc7618]: IDLE {"metadata":{"emulator":{"name":"functions"},"message":"[worker-us-central1-helloWorld-82f584a2-5a8d-42a1-84e2-dfa795dc7618]: IDLE"}}
[debug] [2022-02-10T17:05:32.504Z] [work-queue] {"queueLength":0,"workRunningCount":0}
[debug] [2022-02-10T17:05:53.697Z] [work-queue] {"queueLength":1,"workRunningCount":0}
[debug] [2022-02-10T17:05:53.697Z] [work-queue] {"queueLength":0,"workRunningCount":1}
[debug] [2022-02-10T17:05:53.697Z] Accepted request GET /time-collection-app/us-central1/helloWorld?hello=10 --> us-central1-helloWorld
[debug] [2022-02-10T17:05:53.697Z] [worker-pool] submitWork(triggerId=us-central1-helloWorld) {"metadata":{"emulator":{"name":"functions"},"message":"[worker-pool] submitWork(triggerId=us-central1-helloWorld)"}}
[debug] [2022-02-10T17:05:53.697Z] [worker-us-central1-helloWorld-82f584a2-5a8d-42a1-84e2-dfa795dc7618]: Assigning socketPath: \\?\pipe\C:\Users\Iverson\Desktop\Folders\010 Current Projects\010 - coding\010 - javascript-typescript\next-time-collection\functions\51380 {"metadata":{"emulator":{"name":"functions"},"message":"[worker-us-central1-helloWorld-82f584a2-5a8d-42a1-84e2-dfa795dc7618]: Assigning socketPath: \\\\?\\pipe\\C:\\Users\\Iverson\\Desktop\\Folders\\010 Current Projects\\010 - coding\\010 - javascript-typescript\\next-time-collection\\functions\\51380"}}
[debug] [2022-02-10T17:05:53.697Z] [worker-us-central1-helloWorld-82f584a2-5a8d-42a1-84e2-dfa795dc7618]: BUSY {"metadata":{"emulator":{"name":"functions"},"message":"[worker-us-central1-helloWorld-82f584a2-5a8d-42a1-84e2-dfa795dc7618]: BUSY"}}
[debug] [2022-02-10T17:05:53.698Z] [runtime-status] [51380] Trigger "us-central1-helloWorld" has been found, beginning invocation! {"metadata":{"emulator":{"name":"functions"},"function":{"name":"us-central1-helloWorld"},"message":"[runtime-status] [51380] Trigger \"us-central1-helloWorld\" has been found, beginning invocation!"}}
[info] i  functions: Beginning execution of "us-central1-helloWorld" {"metadata":{"emulator":{"name":"functions"},"function":{"name":"us-central1-helloWorld"},"message":"Beginning execution of \"us-central1-helloWorld\""}}
[debug] [2022-02-10T17:05:53.699Z] [runtime-status] [51380] triggerDefinition {"httpsTrigger":{},"name":"helloWorld","entryPoint":"helloWorld","regions":["us-central1"],"region":"us-central1","id":"us-central1-helloWorld"} {"metadata":{"emulator":{"name":"functions"},"function":{"name":"us-central1-helloWorld"},"message":"[runtime-status] [51380] triggerDefinition {\"httpsTrigger\":{},\"name\":\"helloWorld\",\"entryPoint\":\"helloWorld\",\"regions\":[\"us-central1\"],\"region\":\"us-central1\",\"id\":\"us-central1-helloWorld\"}"}}
[debug] [2022-02-10T17:05:53.699Z] [runtime-status] [51380] Running us-central1-helloWorld in signature http {"metadata":{"emulator":{"name":"functions"},"function":{"name":"us-central1-helloWorld"},"message":"[runtime-status] [51380] Running us-central1-helloWorld in signature http"}}
[debug] [2022-02-10T17:05:53.699Z] [runtime-status] [51380] Attempting to listen to socketPath: \\?\pipe\C:\Users\Iverson\Desktop\Folders\010 Current Projects\010 - coding\010 - javascript-typescript\next-time-collection\functions\51380 {"metadata":{"emulator":{"name":"functions"},"function":{"name":"us-central1-helloWorld"},"message":"[runtime-status] [51380] Attempting to listen to socketPath: \\\\?\\pipe\\C:\\Users\\Iverson\\Desktop\\Folders\\010 Current Projects\\010 - coding\\010 - javascript-typescript\\next-time-collection\\functions\\51380"}}
[debug] [2022-02-10T17:05:53.700Z] [functions] Runtime ready! Sending request! {"metadata":{"emulator":{"name":"functions"},"message":"[functions] Runtime ready! Sending request!"}}
[debug] [2022-02-10T17:05:53.700Z] [functions] Got req.url=/time-collection-app/us-central1/helloWorld?hello=10, mapping to path=/?hello=10 {"metadata":{"emulator":{"name":"functions"},"message":"[functions] Got req.url=/time-collection-app/us-central1/helloWorld?hello=10, mapping to path=/?hello=10"}}
[debug] [2022-02-10T17:05:53.701Z] [runtime-status] [51380] Ephemeral server handling GET request {"metadata":{"emulator":{"name":"functions"},"function":{"name":"us-central1-helloWorld"},"message":"[runtime-status] [51380] Ephemeral server handling GET request"}}
[debug] [2022-02-10T17:05:53.703Z] [runtime-status] [51380] Ephemeral server survived. {"metadata":{"emulator":{"name":"functions"},"function":{"name":"us-central1-helloWorld"},"message":"[runtime-status] [51380] Ephemeral server survived."}}
[info] i  functions: Finished "us-central1-helloWorld" in ~1s {"metadata":{"emulator":{"name":"functions"},"function":{"name":"us-central1-helloWorld"},"message":"Finished \"us-central1-helloWorld\" in ~1s"}}
[debug] [2022-02-10T17:05:53.704Z] [worker-us-central1-helloWorld-82f584a2-5a8d-42a1-84e2-dfa795dc7618]: IDLE {"metadata":{"emulator":{"name":"functions"},"message":"[worker-us-central1-helloWorld-82f584a2-5a8d-42a1-84e2-dfa795dc7618]: IDLE"}}
[debug] [2022-02-10T17:05:53.704Z] [work-queue] {"queueLength":0,"workRunningCount":0}
[debug] [2022-02-10T17:05:59.294Z] [work-queue] {"queueLength":1,"workRunningCount":0}
[debug] [2022-02-10T17:05:59.294Z] [work-queue] {"queueLength":0,"workRunningCount":1}
[debug] [2022-02-10T17:05:59.294Z] Accepted request GET /time-collection-app/us-central1/helloWorld?hello=react%20query --> us-central1-helloWorld
[debug] [2022-02-10T17:05:59.295Z] [worker-pool] submitWork(triggerId=us-central1-helloWorld) {"metadata":{"emulator":{"name":"functions"},"message":"[worker-pool] submitWork(triggerId=us-central1-helloWorld)"}}
[debug] [2022-02-10T17:05:59.295Z] [worker-us-central1-helloWorld-82f584a2-5a8d-42a1-84e2-dfa795dc7618]: Assigning socketPath: \\?\pipe\C:\Users\Iverson\Desktop\Folders\010 Current Projects\010 - coding\010 - javascript-typescript\next-time-collection\functions\51380 {"metadata":{"emulator":{"name":"functions"},"message":"[worker-us-central1-helloWorld-82f584a2-5a8d-42a1-84e2-dfa795dc7618]: Assigning socketPath: \\\\?\\pipe\\C:\\Users\\Iverson\\Desktop\\Folders\\010 Current Projects\\010 - coding\\010 - javascript-typescript\\next-time-collection\\functions\\51380"}}
[debug] [2022-02-10T17:05:59.295Z] [worker-us-central1-helloWorld-82f584a2-5a8d-42a1-84e2-dfa795dc7618]: BUSY {"metadata":{"emulator":{"name":"functions"},"message":"[worker-us-central1-helloWorld-82f584a2-5a8d-42a1-84e2-dfa795dc7618]: BUSY"}}
[debug] [2022-02-10T17:05:59.295Z] [runtime-status] [51380] Trigger "us-central1-helloWorld" has been found, beginning invocation! {"metadata":{"emulator":{"name":"functions"},"function":{"name":"us-central1-helloWorld"},"message":"[runtime-status] [51380] Trigger \"us-central1-helloWorld\" has been found, beginning invocation!"}}
[info] i  functions: Beginning execution of "us-central1-helloWorld" {"metadata":{"emulator":{"name":"functions"},"function":{"name":"us-central1-helloWorld"},"message":"Beginning execution of \"us-central1-helloWorld\""}}
[debug] [2022-02-10T17:05:59.296Z] [runtime-status] [51380] triggerDefinition {"httpsTrigger":{},"name":"helloWorld","entryPoint":"helloWorld","regions":["us-central1"],"region":"us-central1","id":"us-central1-helloWorld"} {"metadata":{"emulator":{"name":"functions"},"function":{"name":"us-central1-helloWorld"},"message":"[runtime-status] [51380] triggerDefinition {\"httpsTrigger\":{},\"name\":\"helloWorld\",\"entryPoint\":\"helloWorld\",\"regions\":[\"us-central1\"],\"region\":\"us-central1\",\"id\":\"us-central1-helloWorld\"}"}}
[debug] [2022-02-10T17:05:59.296Z] [runtime-status] [51380] Running us-central1-helloWorld in signature http {"metadata":{"emulator":{"name":"functions"},"function":{"name":"us-central1-helloWorld"},"message":"[runtime-status] [51380] Running us-central1-helloWorld in signature http"}}
[debug] [2022-02-10T17:05:59.296Z] [runtime-status] [51380] Attempting to listen to socketPath: \\?\pipe\C:\Users\Iverson\Desktop\Folders\010 Current Projects\010 - coding\010 - javascript-typescript\next-time-collection\functions\51380 {"metadata":{"emulator":{"name":"functions"},"function":{"name":"us-central1-helloWorld"},"message":"[runtime-status] [51380] Attempting to listen to socketPath: \\\\?\\pipe\\C:\\Users\\Iverson\\Desktop\\Folders\\010 Current Projects\\010 - coding\\010 - javascript-typescript\\next-time-collection\\functions\\51380"}}
[debug] [2022-02-10T17:05:59.297Z] [functions] Runtime ready! Sending request! {"metadata":{"emulator":{"name":"functions"},"message":"[functions] Runtime ready! Sending request!"}}
[debug] [2022-02-10T17:05:59.297Z] [functions] Got req.url=/time-collection-app/us-central1/helloWorld?hello=react%20query, mapping to path=/?hello=react%20query {"metadata":{"emulator":{"name":"functions"},"message":"[functions] Got req.url=/time-collection-app/us-central1/helloWorld?hello=react%20query, mapping to path=/?hello=react%20query"}}
[debug] [2022-02-10T17:05:59.298Z] [runtime-status] [51380] Ephemeral server handling GET request {"metadata":{"emulator":{"name":"functions"},"function":{"name":"us-central1-helloWorld"},"message":"[runtime-status] [51380] Ephemeral server handling GET request"}}
[debug] [2022-02-10T17:05:59.299Z] [runtime-status] [51380] Ephemeral server survived. {"metadata":{"emulator":{"name":"functions"},"function":{"name":"us-central1-helloWorld"},"message":"[runtime-status] [51380] Ephemeral server survived."}}
[info] i  functions: Finished "us-central1-helloWorld" in ~1s {"metadata":{"emulator":{"name":"functions"},"function":{"name":"us-central1-helloWorld"},"message":"Finished \"us-central1-helloWorld\" in ~1s"}}
[debug] [2022-02-10T17:05:59.301Z] [worker-us-central1-helloWorld-82f584a2-5a8d-42a1-84e2-dfa795dc7618]: IDLE {"metadata":{"emulator":{"name":"functions"},"message":"[worker-us-central1-helloWorld-82f584a2-5a8d-42a1-84e2-dfa795dc7618]: IDLE"}}
[debug] [2022-02-10T17:05:59.302Z] [work-queue] {"queueLength":0,"workRunningCount":0}
[debug] [2022-02-10T21:17:26.290Z] File C:\Users\Iverson\Desktop\Folders\010 Current Projects\010 - coding\010 - javascript-typescript\next-time-collection\functions\src\index.ts changed, reloading triggers {"metadata":{"emulator":{"name":"functions"},"message":"File C:\\Users\\Iverson\\Desktop\\Folders\\010 Current Projects\\010 - coding\\010 - javascript-typescript\\next-time-collection\\functions\\src\\index.ts changed, reloading triggers"}}
[debug] [2022-02-10T21:17:27.307Z] [worker-pool] Shutting down IDLE worker (~diagnostic~) {"metadata":{"emulator":{"name":"functions"},"message":"[worker-pool] Shutting down IDLE worker (~diagnostic~)"}}
[debug] [2022-02-10T21:17:27.307Z] [worker-~diagnostic~-fd176045-bfaf-4717-8330-3223a30ffbdd]: FINISHING {"metadata":{"emulator":{"name":"functions"},"message":"[worker-~diagnostic~-fd176045-bfaf-4717-8330-3223a30ffbdd]: FINISHING"}}
[debug] [2022-02-10T21:17:27.308Z] [worker-pool] Shutting down IDLE worker (us-central1-helloWorld) {"metadata":{"emulator":{"name":"functions"},"message":"[worker-pool] Shutting down IDLE worker (us-central1-helloWorld)"}}
[debug] [2022-02-10T21:17:27.308Z] [worker-us-central1-helloWorld-82f584a2-5a8d-42a1-84e2-dfa795dc7618]: FINISHING {"metadata":{"emulator":{"name":"functions"},"message":"[worker-us-central1-helloWorld-82f584a2-5a8d-42a1-84e2-dfa795dc7618]: FINISHING"}}
[debug] [2022-02-10T21:17:27.319Z] [worker-pool] addWorker(~diagnostic~) {"metadata":{"emulator":{"name":"functions"},"message":"[worker-pool] addWorker(~diagnostic~)"}}
[debug] [2022-02-10T21:17:27.319Z] [worker-pool] Adding worker with key ~diagnostic~, total=2 {"metadata":{"emulator":{"name":"functions"},"message":"[worker-pool] Adding worker with key ~diagnostic~, total=2"}}
[debug] [2022-02-10T21:17:27.319Z] [worker-pool] submitWork(triggerId=) {"metadata":{"emulator":{"name":"functions"},"message":"[worker-pool] submitWork(triggerId=)"}}
[debug] [2022-02-10T21:17:27.319Z] [worker-~diagnostic~-d0ef49e5-18aa-480b-8d69-a950091b2cc6]: Assigning socketPath: \\?\pipe\C:\Users\Iverson\Desktop\Folders\010 Current Projects\010 - coding\010 - javascript-typescript\next-time-collection\functions\55064 {"metadata":{"emulator":{"name":"functions"},"message":"[worker-~diagnostic~-d0ef49e5-18aa-480b-8d69-a950091b2cc6]: Assigning socketPath: \\\\?\\pipe\\C:\\Users\\Iverson\\Desktop\\Folders\\010 Current Projects\\010 - coding\\010 - javascript-typescript\\next-time-collection\\functions\\55064"}}
[debug] [2022-02-10T21:17:27.319Z] [worker-~diagnostic~-d0ef49e5-18aa-480b-8d69-a950091b2cc6]: BUSY {"metadata":{"emulator":{"name":"functions"},"message":"[worker-~diagnostic~-d0ef49e5-18aa-480b-8d69-a950091b2cc6]: BUSY"}}
[debug] [2022-02-10T21:17:27.321Z] [worker-~diagnostic~-fd176045-bfaf-4717-8330-3223a30ffbdd]: exited {"metadata":{"emulator":{"name":"functions"},"message":"[worker-~diagnostic~-fd176045-bfaf-4717-8330-3223a30ffbdd]: exited"}}
[debug] [2022-02-10T21:17:27.321Z] [worker-~diagnostic~-fd176045-bfaf-4717-8330-3223a30ffbdd]: FINISHED {"metadata":{"emulator":{"name":"functions"},"message":"[worker-~diagnostic~-fd176045-bfaf-4717-8330-3223a30ffbdd]: FINISHED"}}
[debug] [2022-02-10T21:17:27.321Z] [worker-us-central1-helloWorld-82f584a2-5a8d-42a1-84e2-dfa795dc7618]: exited {"metadata":{"emulator":{"name":"functions"},"message":"[worker-us-central1-helloWorld-82f584a2-5a8d-42a1-84e2-dfa795dc7618]: exited"}}
[debug] [2022-02-10T21:17:27.321Z] [worker-us-central1-helloWorld-82f584a2-5a8d-42a1-84e2-dfa795dc7618]: FINISHED {"metadata":{"emulator":{"name":"functions"},"message":"[worker-us-central1-helloWorld-82f584a2-5a8d-42a1-84e2-dfa795dc7618]: FINISHED"}}
[debug] [2022-02-10T21:17:27.472Z] [runtime-status] [55064] Functions runtime initialized. {"cwd":"C:\\Users\\Iverson\\Desktop\\Folders\\010 Current Projects\\010 - coding\\010 - javascript-typescript\\next-time-collection\\functions","node_version":"16.6.1"} {"metadata":{"emulator":{"name":"functions"},"message":"[runtime-status] [55064] Functions runtime initialized. {\"cwd\":\"C:\\\\Users\\\\Iverson\\\\Desktop\\\\Folders\\\\010 Current Projects\\\\010 - coding\\\\010 - javascript-typescript\\\\next-time-collection\\\\functions\",\"node_version\":\"16.6.1\"}"}}
[debug] [2022-02-10T21:17:27.474Z] [runtime-status] [55064] Disabled runtime features: undefined {"metadata":{"emulator":{"name":"functions"},"message":"[runtime-status] [55064] Disabled runtime features: undefined"}}
[debug] [2022-02-10T21:17:27.478Z] [runtime-status] [55064] Resolved module firebase-admin {"declared":true,"installed":true,"version":"9.12.0","resolution":"C:\\Users\\Iverson\\Desktop\\Folders\\010 Current Projects\\010 - coding\\010 - javascript-typescript\\next-time-collection\\functions\\node_modules\\firebase-admin\\lib\\index.js"} {"metadata":{"emulator":{"name":"functions"},"message":"[runtime-status] [55064] Resolved module firebase-admin {\"declared\":true,\"installed\":true,\"version\":\"9.12.0\",\"resolution\":\"C:\\\\Users\\\\Iverson\\\\Desktop\\\\Folders\\\\010 Current Projects\\\\010 - coding\\\\010 - javascript-typescript\\\\next-time-collection\\\\functions\\\\node_modules\\\\firebase-admin\\\\lib\\\\index.js\"}"}}
[debug] [2022-02-10T21:17:27.483Z] [runtime-status] [55064] Resolved module firebase-functions {"declared":true,"installed":true,"version":"3.17.2","resolution":"C:\\Users\\Iverson\\Desktop\\Folders\\010 Current Projects\\010 - coding\\010 - javascript-typescript\\next-time-collection\\functions\\node_modules\\firebase-functions\\lib\\index.js"} {"metadata":{"emulator":{"name":"functions"},"message":"[runtime-status] [55064] Resolved module firebase-functions {\"declared\":true,\"installed\":true,\"version\":\"3.17.2\",\"resolution\":\"C:\\\\Users\\\\Iverson\\\\Desktop\\\\Folders\\\\010 Current Projects\\\\010 - coding\\\\010 - javascript-typescript\\\\next-time-collection\\\\functions\\\\node_modules\\\\firebase-functions\\\\lib\\\\index.js\"}"}}
[debug] [2022-02-10T21:17:27.493Z] [runtime-status] [55064] Outgoing network have been stubbed. [{"name":"http","status":"mocked"},{"name":"http","status":"mocked"},{"name":"https","status":"mocked"},{"name":"https","status":"mocked"},{"name":"net","status":"mocked"}] {"metadata":{"emulator":{"name":"functions"},"message":"[runtime-status] [55064] Outgoing network have been stubbed. [{\"name\":\"http\",\"status\":\"mocked\"},{\"name\":\"http\",\"status\":\"mocked\"},{\"name\":\"https\",\"status\":\"mocked\"},{\"name\":\"https\",\"status\":\"mocked\"},{\"name\":\"net\",\"status\":\"mocked\"}]"}}
[debug] [2022-02-10T21:17:27.493Z] [runtime-status] [55064] Resolved module firebase-functions {"declared":true,"installed":true,"version":"3.17.2","resolution":"C:\\Users\\Iverson\\Desktop\\Folders\\010 Current Projects\\010 - coding\\010 - javascript-typescript\\next-time-collection\\functions\\node_modules\\firebase-functions\\lib\\index.js"} {"metadata":{"emulator":{"name":"functions"},"message":"[runtime-status] [55064] Resolved module firebase-functions {\"declared\":true,\"installed\":true,\"version\":\"3.17.2\",\"resolution\":\"C:\\\\Users\\\\Iverson\\\\Desktop\\\\Folders\\\\010 Current Projects\\\\010 - coding\\\\010 - javascript-typescript\\\\next-time-collection\\\\functions\\\\node_modules\\\\firebase-functions\\\\lib\\\\index.js\"}"}}
[debug] [2022-02-10T21:17:27.538Z] [runtime-status] [55064] Checked functions.config() {"config":{}} {"metadata":{"emulator":{"name":"functions"},"message":"[runtime-status] [55064] Checked functions.config() {\"config\":{}}"}}
[debug] [2022-02-10T21:17:27.538Z] [runtime-status] [55064] firebase-functions has been stubbed. {"functionsResolution":{"declared":true,"installed":true,"version":"3.17.2","resolution":"C:\\Users\\Iverson\\Desktop\\Folders\\010 Current Projects\\010 - coding\\010 - javascript-typescript\\next-time-collection\\functions\\node_modules\\firebase-functions\\lib\\index.js"}} {"metadata":{"emulator":{"name":"functions"},"message":"[runtime-status] [55064] firebase-functions has been stubbed. {\"functionsResolution\":{\"declared\":true,\"installed\":true,\"version\":\"3.17.2\",\"resolution\":\"C:\\\\Users\\\\Iverson\\\\Desktop\\\\Folders\\\\010 Current Projects\\\\010 - coding\\\\010 - javascript-typescript\\\\next-time-collection\\\\functions\\\\node_modules\\\\firebase-functions\\\\lib\\\\index.js\"}}"}}
[debug] [2022-02-10T21:17:27.539Z] [runtime-status] [55064] Resolved module firebase-functions {"declared":true,"installed":true,"version":"3.17.2","resolution":"C:\\Users\\Iverson\\Desktop\\Folders\\010 Current Projects\\010 - coding\\010 - javascript-typescript\\next-time-collection\\functions\\node_modules\\firebase-functions\\lib\\index.js"} {"metadata":{"emulator":{"name":"functions"},"message":"[runtime-status] [55064] Resolved module firebase-functions {\"declared\":true,\"installed\":true,\"version\":\"3.17.2\",\"resolution\":\"C:\\\\Users\\\\Iverson\\\\Desktop\\\\Folders\\\\010 Current Projects\\\\010 - coding\\\\010 - javascript-typescript\\\\next-time-collection\\\\functions\\\\node_modules\\\\firebase-functions\\\\lib\\\\index.js\"}"}}
[debug] [2022-02-10T21:17:27.541Z] [runtime-status] [55064] Resolved module firebase-admin {"declared":true,"installed":true,"version":"9.12.0","resolution":"C:\\Users\\Iverson\\Desktop\\Folders\\010 Current Projects\\010 - coding\\010 - javascript-typescript\\next-time-collection\\functions\\node_modules\\firebase-admin\\lib\\index.js"} {"metadata":{"emulator":{"name":"functions"},"message":"[runtime-status] [55064] Resolved module firebase-admin {\"declared\":true,\"installed\":true,\"version\":\"9.12.0\",\"resolution\":\"C:\\\\Users\\\\Iverson\\\\Desktop\\\\Folders\\\\010 Current Projects\\\\010 - coding\\\\010 - javascript-typescript\\\\next-time-collection\\\\functions\\\\node_modules\\\\firebase-admin\\\\lib\\\\index.js\"}"}}
[debug] [2022-02-10T21:17:27.542Z] [runtime-status] [55064] Resolved module firebase-functions {"declared":true,"installed":true,"version":"3.17.2","resolution":"C:\\Users\\Iverson\\Desktop\\Folders\\010 Current Projects\\010 - coding\\010 - javascript-typescript\\next-time-collection\\functions\\node_modules\\firebase-functions\\lib\\index.js"} {"metadata":{"emulator":{"name":"functions"},"message":"[runtime-status] [55064] Resolved module firebase-functions {\"declared\":true,\"installed\":true,\"version\":\"3.17.2\",\"resolution\":\"C:\\\\Users\\\\Iverson\\\\Desktop\\\\Folders\\\\010 Current Projects\\\\010 - coding\\\\010 - javascript-typescript\\\\next-time-collection\\\\functions\\\\node_modules\\\\firebase-functions\\\\lib\\\\index.js\"}"}}
[debug] [2022-02-10T21:17:27.542Z] [runtime-status] [55064] firebase-admin has been stubbed. {"adminResolution":{"declared":true,"installed":true,"version":"9.12.0","resolution":"C:\\Users\\Iverson\\Desktop\\Folders\\010 Current Projects\\010 - coding\\010 - javascript-typescript\\next-time-collection\\functions\\node_modules\\firebase-admin\\lib\\index.js"}} {"metadata":{"emulator":{"name":"functions"},"message":"[runtime-status] [55064] firebase-admin has been stubbed. {\"adminResolution\":{\"declared\":true,\"installed\":true,\"version\":\"9.12.0\",\"resolution\":\"C:\\\\Users\\\\Iverson\\\\Desktop\\\\Folders\\\\010 Current Projects\\\\010 - coding\\\\010 - javascript-typescript\\\\next-time-collection\\\\functions\\\\node_modules\\\\firebase-admin\\\\lib\\\\index.js\"}}"}}
[debug] [2022-02-10T21:17:27.545Z] [worker-~diagnostic~-d0ef49e5-18aa-480b-8d69-a950091b2cc6]: IDLE {"metadata":{"emulator":{"name":"functions"},"message":"[worker-~diagnostic~-d0ef49e5-18aa-480b-8d69-a950091b2cc6]: IDLE"}}
[debug] [2022-02-10T21:17:32.700Z] File C:\Users\Iverson\Desktop\Folders\010 Current Projects\010 - coding\010 - javascript-typescript\next-time-collection\functions\src\index.ts changed, reloading triggers {"metadata":{"emulator":{"name":"functions"},"message":"File C:\\Users\\Iverson\\Desktop\\Folders\\010 Current Projects\\010 - coding\\010 - javascript-typescript\\next-time-collection\\functions\\src\\index.ts changed, reloading triggers"}}
[debug] [2022-02-10T21:17:33.716Z] [worker-pool] Shutting down IDLE worker (~diagnostic~) {"metadata":{"emulator":{"name":"functions"},"message":"[worker-pool] Shutting down IDLE worker (~diagnostic~)"}}
[debug] [2022-02-10T21:17:33.716Z] [worker-~diagnostic~-d0ef49e5-18aa-480b-8d69-a950091b2cc6]: FINISHING {"metadata":{"emulator":{"name":"functions"},"message":"[worker-~diagnostic~-d0ef49e5-18aa-480b-8d69-a950091b2cc6]: FINISHING"}}
[debug] [2022-02-10T21:17:33.716Z] [worker-pool] Cleaned up workers for ~diagnostic~: 2 --> 1 {"metadata":{"emulator":{"name":"functions"},"message":"[worker-pool] Cleaned up workers for ~diagnostic~: 2 --> 1"}}
[debug] [2022-02-10T21:17:33.717Z] [worker-pool] Cleaned up workers for us-central1-helloWorld: 1 --> 0 {"metadata":{"emulator":{"name":"functions"},"message":"[worker-pool] Cleaned up workers for us-central1-helloWorld: 1 --> 0"}}
[debug] [2022-02-10T21:17:33.720Z] [worker-pool] addWorker(~diagnostic~) {"metadata":{"emulator":{"name":"functions"},"message":"[worker-pool] addWorker(~diagnostic~)"}}
[debug] [2022-02-10T21:17:33.720Z] [worker-pool] Adding worker with key ~diagnostic~, total=2 {"metadata":{"emulator":{"name":"functions"},"message":"[worker-pool] Adding worker with key ~diagnostic~, total=2"}}
[debug] [2022-02-10T21:17:33.720Z] [worker-pool] submitWork(triggerId=) {"metadata":{"emulator":{"name":"functions"},"message":"[worker-pool] submitWork(triggerId=)"}}
[debug] [2022-02-10T21:17:33.720Z] [worker-~diagnostic~-0837b356-5263-475e-bba1-a70a5df74d1b]: Assigning socketPath: \\?\pipe\C:\Users\Iverson\Desktop\Folders\010 Current Projects\010 - coding\010 - javascript-typescript\next-time-collection\functions\23972 {"metadata":{"emulator":{"name":"functions"},"message":"[worker-~diagnostic~-0837b356-5263-475e-bba1-a70a5df74d1b]: Assigning socketPath: \\\\?\\pipe\\C:\\Users\\Iverson\\Desktop\\Folders\\010 Current Projects\\010 - coding\\010 - javascript-typescript\\next-time-collection\\functions\\23972"}}
[debug] [2022-02-10T21:17:33.720Z] [worker-~diagnostic~-0837b356-5263-475e-bba1-a70a5df74d1b]: BUSY {"metadata":{"emulator":{"name":"functions"},"message":"[worker-~diagnostic~-0837b356-5263-475e-bba1-a70a5df74d1b]: BUSY"}}
[debug] [2022-02-10T21:17:33.721Z] [worker-~diagnostic~-d0ef49e5-18aa-480b-8d69-a950091b2cc6]: exited {"metadata":{"emulator":{"name":"functions"},"message":"[worker-~diagnostic~-d0ef49e5-18aa-480b-8d69-a950091b2cc6]: exited"}}
[debug] [2022-02-10T21:17:33.721Z] [worker-~diagnostic~-d0ef49e5-18aa-480b-8d69-a950091b2cc6]: FINISHED {"metadata":{"emulator":{"name":"functions"},"message":"[worker-~diagnostic~-d0ef49e5-18aa-480b-8d69-a950091b2cc6]: FINISHED"}}
[debug] [2022-02-10T21:17:33.878Z] [runtime-status] [23972] Functions runtime initialized. {"cwd":"C:\\Users\\Iverson\\Desktop\\Folders\\010 Current Projects\\010 - coding\\010 - javascript-typescript\\next-time-collection\\functions","node_version":"16.6.1"} {"metadata":{"emulator":{"name":"functions"},"message":"[runtime-status] [23972] Functions runtime initialized. {\"cwd\":\"C:\\\\Users\\\\Iverson\\\\Desktop\\\\Folders\\\\010 Current Projects\\\\010 - coding\\\\010 - javascript-typescript\\\\next-time-collection\\\\functions\",\"node_version\":\"16.6.1\"}"}}
[debug] [2022-02-10T21:17:33.879Z] [runtime-status] [23972] Disabled runtime features: undefined {"metadata":{"emulator":{"name":"functions"},"message":"[runtime-status] [23972] Disabled runtime features: undefined"}}
[debug] [2022-02-10T21:17:33.882Z] [runtime-status] [23972] Resolved module firebase-admin {"declared":true,"installed":true,"version":"9.12.0","resolution":"C:\\Users\\Iverson\\Desktop\\Folders\\010 Current Projects\\010 - coding\\010 - javascript-typescript\\next-time-collection\\functions\\node_modules\\firebase-admin\\lib\\index.js"} {"metadata":{"emulator":{"name":"functions"},"message":"[runtime-status] [23972] Resolved module firebase-admin {\"declared\":true,\"installed\":true,\"version\":\"9.12.0\",\"resolution\":\"C:\\\\Users\\\\Iverson\\\\Desktop\\\\Folders\\\\010 Current Projects\\\\010 - coding\\\\010 - javascript-typescript\\\\next-time-collection\\\\functions\\\\node_modules\\\\firebase-admin\\\\lib\\\\index.js\"}"}}
[debug] [2022-02-10T21:17:33.884Z] [runtime-status] [23972] Resolved module firebase-functions {"declared":true,"installed":true,"version":"3.17.2","resolution":"C:\\Users\\Iverson\\Desktop\\Folders\\010 Current Projects\\010 - coding\\010 - javascript-typescript\\next-time-collection\\functions\\node_modules\\firebase-functions\\lib\\index.js"} {"metadata":{"emulator":{"name":"functions"},"message":"[runtime-status] [23972] Resolved module firebase-functions {\"declared\":true,\"installed\":true,\"version\":\"3.17.2\",\"resolution\":\"C:\\\\Users\\\\Iverson\\\\Desktop\\\\Folders\\\\010 Current Projects\\\\010 - coding\\\\010 - javascript-typescript\\\\next-time-collection\\\\functions\\\\node_modules\\\\firebase-functions\\\\lib\\\\index.js\"}"}}
[debug] [2022-02-10T21:17:33.886Z] [runtime-status] [23972] Outgoing network have been stubbed. [{"name":"http","status":"mocked"},{"name":"http","status":"mocked"},{"name":"https","status":"mocked"},{"name":"https","status":"mocked"},{"name":"net","status":"mocked"}] {"metadata":{"emulator":{"name":"functions"},"message":"[runtime-status] [23972] Outgoing network have been stubbed. [{\"name\":\"http\",\"status\":\"mocked\"},{\"name\":\"http\",\"status\":\"mocked\"},{\"name\":\"https\",\"status\":\"mocked\"},{\"name\":\"https\",\"status\":\"mocked\"},{\"name\":\"net\",\"status\":\"mocked\"}]"}}
[debug] [2022-02-10T21:17:33.888Z] [runtime-status] [23972] Resolved module firebase-functions {"declared":true,"installed":true,"version":"3.17.2","resolution":"C:\\Users\\Iverson\\Desktop\\Folders\\010 Current Projects\\010 - coding\\010 - javascript-typescript\\next-time-collection\\functions\\node_modules\\firebase-functions\\lib\\index.js"} {"metadata":{"emulator":{"name":"functions"},"message":"[runtime-status] [23972] Resolved module firebase-functions {\"declared\":true,\"installed\":true,\"version\":\"3.17.2\",\"resolution\":\"C:\\\\Users\\\\Iverson\\\\Desktop\\\\Folders\\\\010 Current Projects\\\\010 - coding\\\\010 - javascript-typescript\\\\next-time-collection\\\\functions\\\\node_modules\\\\firebase-functions\\\\lib\\\\index.js\"}"}}
[debug] [2022-02-10T21:17:33.937Z] [runtime-status] [23972] Checked functions.config() {"config":{}} {"metadata":{"emulator":{"name":"functions"},"message":"[runtime-status] [23972] Checked functions.config() {\"config\":{}}"}}
[debug] [2022-02-10T21:17:33.937Z] [runtime-status] [23972] firebase-functions has been stubbed. {"functionsResolution":{"declared":true,"installed":true,"version":"3.17.2","resolution":"C:\\Users\\Iverson\\Desktop\\Folders\\010 Current Projects\\010 - coding\\010 - javascript-typescript\\next-time-collection\\functions\\node_modules\\firebase-functions\\lib\\index.js"}} {"metadata":{"emulator":{"name":"functions"},"message":"[runtime-status] [23972] firebase-functions has been stubbed. {\"functionsResolution\":{\"declared\":true,\"installed\":true,\"version\":\"3.17.2\",\"resolution\":\"C:\\\\Users\\\\Iverson\\\\Desktop\\\\Folders\\\\010 Current Projects\\\\010 - coding\\\\010 - javascript-typescript\\\\next-time-collection\\\\functions\\\\node_modules\\\\firebase-functions\\\\lib\\\\index.js\"}}"}}
[debug] [2022-02-10T21:17:33.938Z] [runtime-status] [23972] Resolved module firebase-functions {"declared":true,"installed":true,"version":"3.17.2","resolution":"C:\\Users\\Iverson\\Desktop\\Folders\\010 Current Projects\\010 - coding\\010 - javascript-typescript\\next-time-collection\\functions\\node_modules\\firebase-functions\\lib\\index.js"} {"metadata":{"emulator":{"name":"functions"},"message":"[runtime-status] [23972] Resolved module firebase-functions {\"declared\":true,\"installed\":true,\"version\":\"3.17.2\",\"resolution\":\"C:\\\\Users\\\\Iverson\\\\Desktop\\\\Folders\\\\010 Current Projects\\\\010 - coding\\\\010 - javascript-typescript\\\\next-time-collection\\\\functions\\\\node_modules\\\\firebase-functions\\\\lib\\\\index.js\"}"}}
[debug] [2022-02-10T21:17:33.940Z] [runtime-status] [23972] Resolved module firebase-admin {"declared":true,"installed":true,"version":"9.12.0","resolution":"C:\\Users\\Iverson\\Desktop\\Folders\\010 Current Projects\\010 - coding\\010 - javascript-typescript\\next-time-collection\\functions\\node_modules\\firebase-admin\\lib\\index.js"} {"metadata":{"emulator":{"name":"functions"},"message":"[runtime-status] [23972] Resolved module firebase-admin {\"declared\":true,\"installed\":true,\"version\":\"9.12.0\",\"resolution\":\"C:\\\\Users\\\\Iverson\\\\Desktop\\\\Folders\\\\010 Current Projects\\\\010 - coding\\\\010 - javascript-typescript\\\\next-time-collection\\\\functions\\\\node_modules\\\\firebase-admin\\\\lib\\\\index.js\"}"}}
[debug] [2022-02-10T21:17:33.942Z] [runtime-status] [23972] Resolved module firebase-functions {"declared":true,"installed":true,"version":"3.17.2","resolution":"C:\\Users\\Iverson\\Desktop\\Folders\\010 Current Projects\\010 - coding\\010 - javascript-typescript\\next-time-collection\\functions\\node_modules\\firebase-functions\\lib\\index.js"} {"metadata":{"emulator":{"name":"functions"},"message":"[runtime-status] [23972] Resolved module firebase-functions {\"declared\":true,\"installed\":true,\"version\":\"3.17.2\",\"resolution\":\"C:\\\\Users\\\\Iverson\\\\Desktop\\\\Folders\\\\010 Current Projects\\\\010 - coding\\\\010 - javascript-typescript\\\\next-time-collection\\\\functions\\\\node_modules\\\\firebase-functions\\\\lib\\\\index.js\"}"}}
[debug] [2022-02-10T21:17:33.942Z] [runtime-status] [23972] firebase-admin has been stubbed. {"adminResolution":{"declared":true,"installed":true,"version":"9.12.0","resolution":"C:\\Users\\Iverson\\Desktop\\Folders\\010 Current Projects\\010 - coding\\010 - javascript-typescript\\next-time-collection\\functions\\node_modules\\firebase-admin\\lib\\index.js"}} {"metadata":{"emulator":{"name":"functions"},"message":"[runtime-status] [23972] firebase-admin has been stubbed. {\"adminResolution\":{\"declared\":true,\"installed\":true,\"version\":\"9.12.0\",\"resolution\":\"C:\\\\Users\\\\Iverson\\\\Desktop\\\\Folders\\\\010 Current Projects\\\\010 - coding\\\\010 - javascript-typescript\\\\next-time-collection\\\\functions\\\\node_modules\\\\firebase-admin\\\\lib\\\\index.js\"}}"}}
[debug] [2022-02-10T21:17:33.944Z] [worker-~diagnostic~-0837b356-5263-475e-bba1-a70a5df74d1b]: IDLE {"metadata":{"emulator":{"name":"functions"},"message":"[worker-~diagnostic~-0837b356-5263-475e-bba1-a70a5df74d1b]: IDLE"}}
